TN:
SF:src/calculator.py
DA:1,1,R5ld61rEtMw8k5QnLG/J2Q
DA:2,1,FDHv4uz4WI45t77i/UoMjg
DA:3,1,QzAaUzUgqtAaBh+SW5GQJw
DA:5,1,MDKPENBPLHzyF/rZxQSi5Q
DA:6,1,yzZ4UWSPXOSX0vp365nu3w
DA:8,1,kJ67bKNdvC/iy7Uuqp7KiA
DA:9,1,zmJFsyLV5+WTFKgendv2sg
DA:11,1,+qFqC5z6wfvF9uY2kITOTQ
DA:12,1,k8CWCmIeIaCRpoT/evFIYQ
DA:13,1,uL0vZ398c6XCCuCGVN+hoQ
DA:15,1,B7RniZXyuXK3BlXLxyg14w
DA:17,1,4G833RcUmGy0BW4HZkWxhw
DA:21,1,jNiB5pm7kB2GwZh4a/3Gtw
DA:25,1,sFsWaRlXhw/KIr6fm1zfRA
DA:18,0,hDzXBMBy6SjD57eZFJbUjg
DA:22,0,9lOGaEsLdnFBKVVcwYU4/w
DA:26,0,i4d9sGOFyybjGBUtaDjAxg
DA:27,0,PvEmm1mF1tjKcPtEqylPPA
DA:28,0,MmLJtv9+WBA3bo3EIVSZ6w
DA:29,0,JbqJrXiCm95BKk+odFXX/A
DA:31,0,QK5t9MHtvwuSvHagpYBOSA
DA:32,0,LL5ksOXnW77m4YQGKSUbxw
DA:33,0,kJ67mvGfQiYoKkHU27fT5A
DA:34,0,6gJdd5cLy26USvBW9BRF1w
LF:24
LH:14
end_of_record
TN:
SF:tests/test_calculator.py
DA:1,1,E/tvV9JPVDhEcTCkgrwOFw
DA:2,1,BRr+E53G8F3wVTctStY88A
DA:5,1,uYFw0ZZTsK+0h4JTwiwSwg
DA:6,1,WbzkXkBmpeE5Z8gSlIfuvA
DA:7,1,xs/O9TbyDEtnqxcZ2Bo7Zw
DA:9,1,zAZTYyaoua1lz4mykYIIsg
DA:10,1,D/1xlS+IWKTuO6/8lueJtw
DA:11,1,u1YR/3r5OIjqZBuGvN3NaA
DA:13,1,qiC2Rn1QEjODu0NMC9RSTA
DA:14,1,MwTN2C1nHYELewBLXQzsuQ
DA:15,1,u1YR/3r5OIjqZBuGvN3NaA
DA:17,1,iaPkHkxR8Z78FnTrTCjqjw
DA:18,1,paEefGSLewN8B670lSLnMA
DA:19,1,b2ph3cNvxUSqsfeiBnV+2w
DA:21,1,tlvxqjePgEMJKisNicMz5Q
DA:22,1,18f4KTHB5zrC0Hp8KN8KKQ
DA:23,1,9po3ineeSp0SP5FW0hijMA
DA:25,1,/XE8xIXiM5EsB1U4+BpSeQ
DA:26,1,yYWWU9zyIhE68Sk/0xemsQ
DA:27,1,rywKdhsrUp0G8px7Hq4Nhg
DA:29,1,PCd+tTkojc+/9k3Gg2wfWw
DA:30,0,APy8sv1vBVX6MHZCmVJsgw
LF:22
LH:21
end_of_record
